2017-07-18 21:59:08.258  INFO 23188 --- [restartedMain] com.zhanghe.Fast.FastApplication         : Starting FastApplication on Clevo-PC with PID 23188 (F:\GitWorkSpace\Fast\Fast\Fast\target\classes started by Clevo in F:\GitWorkSpace\Fast\Fast\Fast)
2017-07-18 21:59:08.260 DEBUG 23188 --- [restartedMain] com.zhanghe.Fast.FastApplication         : Running with Spring Boot v1.5.2.RELEASE, Spring v4.3.7.RELEASE
2017-07-18 21:59:08.260  INFO 23188 --- [restartedMain] com.zhanghe.Fast.FastApplication         : The following profiles are active: dev
2017-07-18 21:59:08.461  INFO 23188 --- [restartedMain] ationConfigEmbeddedWebApplicationContext : Refreshing org.springframework.boot.context.embedded.AnnotationConfigEmbeddedWebApplicationContext@38c25806: startup date [Tue Jul 18 21:59:08 CST 2017]; root of context hierarchy
2017-07-18 21:59:09.145  INFO 23188 --- [restartedMain] trationDelegate$BeanPostProcessorChecker : Bean 'shiroConfig' of type [com.zhanghe.Fast.config.ShiroConfig$$EnhancerBySpringCGLIB$$f064a664] is not eligible for getting processed by all BeanPostProcessors (for example: not eligible for auto-proxying)
2017-07-18 21:59:09.277  INFO 23188 --- [restartedMain] trationDelegate$BeanPostProcessorChecker : Bean 'mybatis-org.mybatis.spring.boot.autoconfigure.MybatisProperties' of type [org.mybatis.spring.boot.autoconfigure.MybatisProperties] is not eligible for getting processed by all BeanPostProcessors (for example: not eligible for auto-proxying)
2017-07-18 21:59:09.284  INFO 23188 --- [restartedMain] trationDelegate$BeanPostProcessorChecker : Bean 'org.mybatis.spring.boot.autoconfigure.MybatisAutoConfiguration' of type [org.mybatis.spring.boot.autoconfigure.MybatisAutoConfiguration$$EnhancerBySpringCGLIB$$e1d31548] is not eligible for getting processed by all BeanPostProcessors (for example: not eligible for auto-proxying)
2017-07-18 21:59:09.295  INFO 23188 --- [restartedMain] trationDelegate$BeanPostProcessorChecker : Bean 'druidConfig' of type [com.zhanghe.Fast.config.DruidConfig$$EnhancerBySpringCGLIB$$450b09d5] is not eligible for getting processed by all BeanPostProcessors (for example: not eligible for auto-proxying)
2017-07-18 21:59:09.338  INFO 23188 --- [restartedMain] trationDelegate$BeanPostProcessorChecker : Bean 'statFilter' of type [com.alibaba.druid.filter.stat.StatFilter] is not eligible for getting processed by all BeanPostProcessors (for example: not eligible for auto-proxying)
2017-07-18 21:59:09.352  INFO 23188 --- [restartedMain] trationDelegate$BeanPostProcessorChecker : Bean 'wallFilter' of type [com.alibaba.druid.wall.WallFilter] is not eligible for getting processed by all BeanPostProcessors (for example: not eligible for auto-proxying)
2017-07-18 21:59:09.373  INFO 23188 --- [restartedMain] trationDelegate$BeanPostProcessorChecker : Bean 'dataSource' of type [com.alibaba.druid.pool.DruidDataSource] is not eligible for getting processed by all BeanPostProcessors (for example: not eligible for auto-proxying)
2017-07-18 21:59:09.407  INFO 23188 --- [restartedMain] trationDelegate$BeanPostProcessorChecker : Bean 'sqlSessionFactory' of type [org.apache.ibatis.session.defaults.DefaultSqlSessionFactory] is not eligible for getting processed by all BeanPostProcessors (for example: not eligible for auto-proxying)
2017-07-18 21:59:09.414  INFO 23188 --- [restartedMain] trationDelegate$BeanPostProcessorChecker : Bean 'sqlSessionTemplate' of type [org.mybatis.spring.SqlSessionTemplate] is not eligible for getting processed by all BeanPostProcessors (for example: not eligible for auto-proxying)
2017-07-18 21:59:09.431  INFO 23188 --- [restartedMain] trationDelegate$BeanPostProcessorChecker : Bean 'userMapper' of type [org.mybatis.spring.mapper.MapperFactoryBean] is not eligible for getting processed by all BeanPostProcessors (for example: not eligible for auto-proxying)
2017-07-18 21:59:09.432  INFO 23188 --- [restartedMain] trationDelegate$BeanPostProcessorChecker : Bean 'userMapper' of type [com.sun.proxy.$Proxy53] is not eligible for getting processed by all BeanPostProcessors (for example: not eligible for auto-proxying)
2017-07-18 21:59:09.434  INFO 23188 --- [restartedMain] trationDelegate$BeanPostProcessorChecker : Bean 'userServiceImpl' of type [com.zhanghe.Fast.service.impl.UserServiceImpl] is not eligible for getting processed by all BeanPostProcessors (for example: not eligible for auto-proxying)
2017-07-18 21:59:09.434  INFO 23188 --- [restartedMain] org.apache.shiro.realm.AuthorizingRealm  : No cache or cacheManager properties have been set.  Authorization cache cannot be obtained.
2017-07-18 21:59:09.434  INFO 23188 --- [restartedMain] trationDelegate$BeanPostProcessorChecker : Bean 'myShiroRealm' of type [com.zhanghe.Fast.config.ShiroRealm] is not eligible for getting processed by all BeanPostProcessors (for example: not eligible for auto-proxying)
2017-07-18 21:59:09.680  INFO 23188 --- [restartedMain] trationDelegate$BeanPostProcessorChecker : Bean 'ehCacheManager' of type [org.apache.shiro.cache.ehcache.EhCacheManager] is not eligible for getting processed by all BeanPostProcessors (for example: not eligible for auto-proxying)
2017-07-18 21:59:09.681  INFO 23188 --- [restartedMain] o.a.shiro.cache.ehcache.EhCacheManager   : Cache with name 'com.zhanghe.Fast.config.ShiroRealm.authorizationCache' does not yet exist.  Creating now.
2017-07-18 21:59:09.682  INFO 23188 --- [restartedMain] o.a.shiro.cache.ehcache.EhCacheManager   : Added EhCache named [com.zhanghe.Fast.config.ShiroRealm.authorizationCache]
2017-07-18 21:59:09.690  INFO 23188 --- [restartedMain] trationDelegate$BeanPostProcessorChecker : Bean 'securityManager' of type [org.apache.shiro.web.mgt.DefaultWebSecurityManager] is not eligible for getting processed by all BeanPostProcessors (for example: not eligible for auto-proxying)
2017-07-18 21:59:09.723  INFO 23188 --- [restartedMain] trationDelegate$BeanPostProcessorChecker : Bean 'org.springframework.transaction.annotation.ProxyTransactionManagementConfiguration' of type [org.springframework.transaction.annotation.ProxyTransactionManagementConfiguration$$EnhancerBySpringCGLIB$$aefec418] is not eligible for getting processed by all BeanPostProcessors (for example: not eligible for auto-proxying)
2017-07-18 21:59:09.733  INFO 23188 --- [restartedMain] trationDelegate$BeanPostProcessorChecker : Bean 'authorizationAttributeSourceAdvisor' of type [org.apache.shiro.spring.security.interceptor.AuthorizationAttributeSourceAdvisor] is not eligible for getting processed by all BeanPostProcessors (for example: not eligible for auto-proxying)
2017-07-18 21:59:09.954  INFO 23188 --- [restartedMain] s.b.c.e.t.TomcatEmbeddedServletContainer : Tomcat initialized with port(s): 8081 (http)
2017-07-18 21:59:09.961  INFO 23188 --- [restartedMain] o.apache.catalina.core.StandardService   : Starting service Tomcat
2017-07-18 21:59:09.962  INFO 23188 --- [restartedMain] org.apache.catalina.core.StandardEngine  : Starting Servlet Engine: Apache Tomcat/8.5.11
2017-07-18 21:59:10.004  INFO 23188 --- [localhost-startStop-1] o.a.c.c.C.[Tomcat].[localhost].[/]       : Initializing Spring embedded WebApplicationContext
2017-07-18 21:59:10.004  INFO 23188 --- [localhost-startStop-1] o.s.web.context.ContextLoader            : Root WebApplicationContext: initialization completed in 1545 ms
2017-07-18 21:59:10.140  INFO 23188 --- [localhost-startStop-1] o.s.b.w.servlet.FilterRegistrationBean   : Mapping filter: 'characterEncodingFilter' to: [/*]
2017-07-18 21:59:10.140  INFO 23188 --- [localhost-startStop-1] o.s.b.w.servlet.FilterRegistrationBean   : Mapping filter: 'hiddenHttpMethodFilter' to: [/*]
2017-07-18 21:59:10.141  INFO 23188 --- [localhost-startStop-1] o.s.b.w.servlet.FilterRegistrationBean   : Mapping filter: 'httpPutFormContentFilter' to: [/*]
2017-07-18 21:59:10.141  INFO 23188 --- [localhost-startStop-1] o.s.b.w.servlet.FilterRegistrationBean   : Mapping filter: 'requestContextFilter' to: [/*]
2017-07-18 21:59:10.141  INFO 23188 --- [localhost-startStop-1] o.s.b.w.servlet.FilterRegistrationBean   : Mapping filter: 'xssFilter' to urls: [/*]
2017-07-18 21:59:10.141  INFO 23188 --- [localhost-startStop-1] o.s.b.w.servlet.FilterRegistrationBean   : Mapping filter: 'webStatFilter' to: [/*]
2017-07-18 21:59:10.141  INFO 23188 --- [localhost-startStop-1] o.s.b.w.servlet.FilterRegistrationBean   : Mapping filter: 'shirFilter' to: [/*]
2017-07-18 21:59:10.141  INFO 23188 --- [localhost-startStop-1] o.s.b.w.servlet.ServletRegistrationBean  : Mapping servlet: 'statViewServlet' to [/druid/*]
2017-07-18 21:59:10.142  INFO 23188 --- [localhost-startStop-1] o.s.b.w.servlet.ServletRegistrationBean  : Mapping servlet: 'dispatcherServlet' to [/]
2017-07-18 21:59:10.436  INFO 23188 --- [restartedMain] s.w.s.m.m.a.RequestMappingHandlerAdapter : Looking for @ControllerAdvice: org.springframework.boot.context.embedded.AnnotationConfigEmbeddedWebApplicationContext@38c25806: startup date [Tue Jul 18 21:59:08 CST 2017]; root of context hierarchy
2017-07-18 21:59:10.490  INFO 23188 --- [restartedMain] s.w.s.m.m.a.RequestMappingHandlerMapping : Mapped "{[/index]}" onto public java.lang.String com.zhanghe.Fast.controller.IndexController.index(java.lang.String)
2017-07-18 21:59:10.491  INFO 23188 --- [restartedMain] s.w.s.m.m.a.RequestMappingHandlerMapping : Mapped "{[/login2],methods=[POST]}" onto public java.lang.String com.zhanghe.Fast.controller.LoginController.login(javax.servlet.http.HttpServletRequest,java.util.Map<java.lang.String, java.lang.Object>) throws java.lang.Exception
2017-07-18 21:59:10.492  INFO 23188 --- [restartedMain] s.w.s.m.m.a.RequestMappingHandlerMapping : Mapped "{[/login],methods=[POST]}" onto public java.lang.String com.zhanghe.Fast.controller.LoginController.login(com.zhanghe.Fast.entity.User)
2017-07-18 21:59:10.492  INFO 23188 --- [restartedMain] s.w.s.m.m.a.RequestMappingHandlerMapping : Mapped "{[/login],methods=[GET]}" onto public java.lang.String com.zhanghe.Fast.controller.LoginController.login()
2017-07-18 21:59:10.494  INFO 23188 --- [restartedMain] s.w.s.m.m.a.RequestMappingHandlerMapping : Mapped "{[/error]}" onto public org.springframework.http.ResponseEntity<java.util.Map<java.lang.String, java.lang.Object>> org.springframework.boot.autoconfigure.web.BasicErrorController.error(javax.servlet.http.HttpServletRequest)
2017-07-18 21:59:10.494  INFO 23188 --- [restartedMain] s.w.s.m.m.a.RequestMappingHandlerMapping : Mapped "{[/error],produces=[text/html]}" onto public org.springframework.web.servlet.ModelAndView org.springframework.boot.autoconfigure.web.BasicErrorController.errorHtml(javax.servlet.http.HttpServletRequest,javax.servlet.http.HttpServletResponse)
2017-07-18 21:59:10.531  INFO 23188 --- [restartedMain] o.s.w.s.handler.SimpleUrlHandlerMapping  : Mapped URL path [/webjars/**] onto handler of type [class org.springframework.web.servlet.resource.ResourceHttpRequestHandler]
2017-07-18 21:59:10.531  INFO 23188 --- [restartedMain] o.s.w.s.handler.SimpleUrlHandlerMapping  : Mapped URL path [/**] onto handler of type [class org.springframework.web.servlet.resource.ResourceHttpRequestHandler]
2017-07-18 21:59:10.585  INFO 23188 --- [restartedMain] o.s.w.s.handler.SimpleUrlHandlerMapping  : Mapped URL path [/**/favicon.ico] onto handler of type [class org.springframework.web.servlet.resource.ResourceHttpRequestHandler]
2017-07-18 21:59:11.066  INFO 23188 --- [restartedMain] o.s.b.d.a.OptionalLiveReloadServer       : LiveReload server is running on port 35729
2017-07-18 21:59:11.121  INFO 23188 --- [restartedMain] o.s.j.e.a.AnnotationMBeanExporter        : Registering beans for JMX exposure on startup
2017-07-18 21:59:11.122  INFO 23188 --- [restartedMain] o.s.j.e.a.AnnotationMBeanExporter        : Bean with name 'dataSource' has been autodetected for JMX exposure
2017-07-18 21:59:11.122  INFO 23188 --- [restartedMain] o.s.j.e.a.AnnotationMBeanExporter        : Bean with name 'statFilter' has been autodetected for JMX exposure
2017-07-18 21:59:11.122  INFO 23188 --- [restartedMain] o.s.j.e.a.AnnotationMBeanExporter        : Bean with name 'wallFilter' has been autodetected for JMX exposure
2017-07-18 21:59:11.126  INFO 23188 --- [restartedMain] o.s.j.e.a.AnnotationMBeanExporter        : Located MBean 'dataSource': registering with JMX server as MBean [com.alibaba.druid.pool:name=dataSource,type=DruidDataSource]
2017-07-18 21:59:11.128  INFO 23188 --- [restartedMain] o.s.j.e.a.AnnotationMBeanExporter        : Located MBean 'wallFilter': registering with JMX server as MBean [com.alibaba.druid.wall:name=wallFilter,type=WallFilter]
2017-07-18 21:59:11.128  INFO 23188 --- [restartedMain] o.s.j.e.a.AnnotationMBeanExporter        : Located MBean 'statFilter': registering with JMX server as MBean [com.alibaba.druid.filter.stat:name=statFilter,type=StatFilter]
2017-07-18 21:59:11.159  INFO 23188 --- [restartedMain] s.b.c.e.t.TomcatEmbeddedServletContainer : Tomcat started on port(s): 8081 (http)
2017-07-18 21:59:11.163  INFO 23188 --- [restartedMain] com.zhanghe.Fast.FastApplication         : Started FastApplication in 3.179 seconds (JVM running for 3.528)
2017-07-18 21:59:11.836  INFO 23188 --- [es] net.sf.ehcache.util.UpdateChecker        : New update(s) found: 2.6.5 [http://www.terracotta.org/confluence/display/release/Release+Notes+Ehcache+Core+2.6]. Please check http://ehcache.org for the latest version.
2017-07-18 21:59:22.033  INFO 23188 --- [http-nio-8081-exec-1] o.a.c.c.C.[Tomcat].[localhost].[/]       : Initializing Spring FrameworkServlet 'dispatcherServlet'
2017-07-18 21:59:22.034  INFO 23188 --- [http-nio-8081-exec-1] o.s.web.servlet.DispatcherServlet        : FrameworkServlet 'dispatcherServlet': initialization started
2017-07-18 21:59:22.047  INFO 23188 --- [http-nio-8081-exec-1] o.s.web.servlet.DispatcherServlet        : FrameworkServlet 'dispatcherServlet': initialization completed in 13 ms
2017-07-18 21:59:28.260  INFO 23188 --- [http-nio-8081-exec-3] com.alibaba.druid.pool.DruidDataSource   : {dataSource-1} inited
2017-07-18 21:59:28.373 DEBUG 23188 --- [http-nio-8081-exec-3] c.z.F.m.UserMapper.getUserByUserName     : ==>  Preparing: select * from User where UserName=? 
2017-07-18 21:59:28.440 DEBUG 23188 --- [http-nio-8081-exec-3] c.z.F.m.UserMapper.getUserByUserName     : ==> Parameters: null
2017-07-18 21:59:28.450 DEBUG 23188 --- [http-nio-8081-exec-3] c.z.F.m.UserMapper.getUserByUserName     : <==      Total: 0
2017-07-18 21:59:28.468 DEBUG 23188 --- [http-nio-8081-exec-3] c.z.F.m.UserMapper.getUserByUserName     : ==>  Preparing: select * from User where UserName=? 
2017-07-18 21:59:28.469 DEBUG 23188 --- [http-nio-8081-exec-3] c.z.F.m.UserMapper.getUserByUserName     : ==> Parameters: zhang(String)
2017-07-18 21:59:28.474 DEBUG 23188 --- [http-nio-8081-exec-3] c.z.F.m.UserMapper.getUserByUserName     : <==      Total: 1
2017-07-18 21:59:30.845 DEBUG 23188 --- [http-nio-8081-exec-4] c.z.F.m.UserMapper.getUserByUserName     : ==>  Preparing: select * from User where UserName=? 
2017-07-18 21:59:30.845 DEBUG 23188 --- [http-nio-8081-exec-4] c.z.F.m.UserMapper.getUserByUserName     : ==> Parameters: zhang(String)
2017-07-18 21:59:30.847 DEBUG 23188 --- [http-nio-8081-exec-4] c.z.F.m.UserMapper.getUserByUserName     : <==      Total: 1
2017-07-18 21:59:30.848 DEBUG 23188 --- [http-nio-8081-exec-4] c.z.F.mapper.UserMapper.getRoleByUserId  : ==>  Preparing: select * from Role where id in (select role from t_user_role where user=?) 
2017-07-18 21:59:30.851 DEBUG 23188 --- [http-nio-8081-exec-4] c.z.F.mapper.UserMapper.getRoleByUserId  : ==> Parameters: 1(Long)
2017-07-18 21:59:30.853 DEBUG 23188 --- [http-nio-8081-exec-4] c.z.F.mapper.UserMapper.getRoleByUserId  : <==      Total: 1
2017-07-18 21:59:30.854 DEBUG 23188 --- [http-nio-8081-exec-4] c.z.F.m.U.getPermissionByUserId          : ==>  Preparing: SELECT * FROM Permission WHERE id IN( SELECT Permission FROM t_role_permission WHERE role IN(SELECT id FROM Role WHERE id IN (SELECT role FROM t_user_role WHERE USER=?) )) 
2017-07-18 21:59:30.855 DEBUG 23188 --- [http-nio-8081-exec-4] c.z.F.m.U.getPermissionByUserId          : ==> Parameters: 1(Long)
2017-07-18 21:59:30.857 DEBUG 23188 --- [http-nio-8081-exec-4] c.z.F.m.U.getPermissionByUserId          : <==      Total: 1
2017-07-18 21:59:30.865  WARN 23188 --- [http-nio-8081-exec-4] .m.m.a.ExceptionHandlerExceptionResolver : Resolved exception caused by Handler execution: org.apache.shiro.authz.UnauthorizedException: Subject does not have permission [system:index]
2017-07-18 21:59:37.280  WARN 23188 --- [http-nio-8081-exec-6] .m.m.a.ExceptionHandlerExceptionResolver : Resolved exception caused by Handler execution: org.apache.shiro.authz.UnauthorizedException: Subject does not have permission [system:index]
2017-07-18 21:59:37.444  WARN 23188 --- [http-nio-8081-exec-8] .m.m.a.ExceptionHandlerExceptionResolver : Resolved exception caused by Handler execution: org.apache.shiro.authz.UnauthorizedException: Subject does not have permission [system:index]
2017-07-18 21:59:37.604  WARN 23188 --- [http-nio-8081-exec-10] .m.m.a.ExceptionHandlerExceptionResolver : Resolved exception caused by Handler execution: org.apache.shiro.authz.UnauthorizedException: Subject does not have permission [system:index]
2017-07-18 21:59:37.766  WARN 23188 --- [http-nio-8081-exec-2] .m.m.a.ExceptionHandlerExceptionResolver : Resolved exception caused by Handler execution: org.apache.shiro.authz.UnauthorizedException: Subject does not have permission [system:index]
2017-07-18 21:59:56.065  WARN 23188 --- [http-nio-8081-exec-5] .m.m.a.ExceptionHandlerExceptionResolver : Resolved exception caused by Handler execution: org.apache.shiro.authz.UnauthorizedException: Subject does not have permission [system:index]
2017-07-18 21:59:56.473  WARN 23188 --- [http-nio-8081-exec-7] .m.m.a.ExceptionHandlerExceptionResolver : Resolved exception caused by Handler execution: org.apache.shiro.authz.UnauthorizedException: Subject does not have permission [system:index]
2017-07-18 22:03:39.462  INFO 23188 --- [Thread-7] ationConfigEmbeddedWebApplicationContext : Closing org.springframework.boot.context.embedded.AnnotationConfigEmbeddedWebApplicationContext@38c25806: startup date [Tue Jul 18 21:59:08 CST 2017]; root of context hierarchy
2017-07-18 22:03:39.463  INFO 23188 --- [Thread-7] o.s.j.e.a.AnnotationMBeanExporter        : Unregistering JMX-exposed beans on shutdown
2017-07-18 22:03:39.464  INFO 23188 --- [Thread-7] o.s.j.e.a.AnnotationMBeanExporter        : Unregistering JMX-exposed beans
2017-07-18 22:03:39.468  INFO 23188 --- [Thread-7] com.alibaba.druid.pool.DruidDataSource   : {dataSource-1} closed
2017-07-18 22:03:39.921  INFO 23188 --- [restartedMain] com.zhanghe.Fast.FastApplication         : Starting FastApplication on Clevo-PC with PID 23188 (F:\GitWorkSpace\Fast\Fast\Fast\target\classes started by Clevo in F:\GitWorkSpace\Fast\Fast\Fast)
2017-07-18 22:03:39.921 DEBUG 23188 --- [restartedMain] com.zhanghe.Fast.FastApplication         : Running with Spring Boot v1.5.2.RELEASE, Spring v4.3.7.RELEASE
2017-07-18 22:03:39.921  INFO 23188 --- [restartedMain] com.zhanghe.Fast.FastApplication         : The following profiles are active: dev
2017-07-18 22:03:39.923  INFO 23188 --- [restartedMain] ationConfigEmbeddedWebApplicationContext : Refreshing org.springframework.boot.context.embedded.AnnotationConfigEmbeddedWebApplicationContext@2f3151f9: startup date [Tue Jul 18 22:03:39 CST 2017]; root of context hierarchy
2017-07-18 22:03:40.148  INFO 23188 --- [restartedMain] trationDelegate$BeanPostProcessorChecker : Bean 'shiroConfig' of type [com.zhanghe.Fast.config.ShiroConfig$$EnhancerBySpringCGLIB$$f064a664] is not eligible for getting processed by all BeanPostProcessors (for example: not eligible for auto-proxying)
2017-07-18 22:03:40.176  INFO 23188 --- [restartedMain] trationDelegate$BeanPostProcessorChecker : Bean 'mybatis-org.mybatis.spring.boot.autoconfigure.MybatisProperties' of type [org.mybatis.spring.boot.autoconfigure.MybatisProperties] is not eligible for getting processed by all BeanPostProcessors (for example: not eligible for auto-proxying)
2017-07-18 22:03:40.179  INFO 23188 --- [restartedMain] trationDelegate$BeanPostProcessorChecker : Bean 'org.mybatis.spring.boot.autoconfigure.MybatisAutoConfiguration' of type [org.mybatis.spring.boot.autoconfigure.MybatisAutoConfiguration$$EnhancerBySpringCGLIB$$e1d31548] is not eligible for getting processed by all BeanPostProcessors (for example: not eligible for auto-proxying)
2017-07-18 22:03:40.184  INFO 23188 --- [restartedMain] trationDelegate$BeanPostProcessorChecker : Bean 'druidConfig' of type [com.zhanghe.Fast.config.DruidConfig$$EnhancerBySpringCGLIB$$450b09d5] is not eligible for getting processed by all BeanPostProcessors (for example: not eligible for auto-proxying)
2017-07-18 22:03:40.188  INFO 23188 --- [restartedMain] trationDelegate$BeanPostProcessorChecker : Bean 'statFilter' of type [com.alibaba.druid.filter.stat.StatFilter] is not eligible for getting processed by all BeanPostProcessors (for example: not eligible for auto-proxying)
2017-07-18 22:03:40.190  INFO 23188 --- [restartedMain] trationDelegate$BeanPostProcessorChecker : Bean 'wallFilter' of type [com.alibaba.druid.wall.WallFilter] is not eligible for getting processed by all BeanPostProcessors (for example: not eligible for auto-proxying)
2017-07-18 22:03:40.191  INFO 23188 --- [restartedMain] trationDelegate$BeanPostProcessorChecker : Bean 'dataSource' of type [com.alibaba.druid.pool.DruidDataSource] is not eligible for getting processed by all BeanPostProcessors (for example: not eligible for auto-proxying)
2017-07-18 22:03:40.192  INFO 23188 --- [restartedMain] trationDelegate$BeanPostProcessorChecker : Bean 'sqlSessionFactory' of type [org.apache.ibatis.session.defaults.DefaultSqlSessionFactory] is not eligible for getting processed by all BeanPostProcessors (for example: not eligible for auto-proxying)
2017-07-18 22:03:40.193  INFO 23188 --- [restartedMain] trationDelegate$BeanPostProcessorChecker : Bean 'sqlSessionTemplate' of type [org.mybatis.spring.SqlSessionTemplate] is not eligible for getting processed by all BeanPostProcessors (for example: not eligible for auto-proxying)
2017-07-18 22:03:40.195  INFO 23188 --- [restartedMain] trationDelegate$BeanPostProcessorChecker : Bean 'userMapper' of type [org.mybatis.spring.mapper.MapperFactoryBean] is not eligible for getting processed by all BeanPostProcessors (for example: not eligible for auto-proxying)
2017-07-18 22:03:40.196  INFO 23188 --- [restartedMain] trationDelegate$BeanPostProcessorChecker : Bean 'userMapper' of type [com.sun.proxy.$Proxy83] is not eligible for getting processed by all BeanPostProcessors (for example: not eligible for auto-proxying)
2017-07-18 22:03:40.196  INFO 23188 --- [restartedMain] trationDelegate$BeanPostProcessorChecker : Bean 'userServiceImpl' of type [com.zhanghe.Fast.service.impl.UserServiceImpl] is not eligible for getting processed by all BeanPostProcessors (for example: not eligible for auto-proxying)
2017-07-18 22:03:40.196  INFO 23188 --- [restartedMain] org.apache.shiro.realm.AuthorizingRealm  : No cache or cacheManager properties have been set.  Authorization cache cannot be obtained.
2017-07-18 22:03:40.196  INFO 23188 --- [restartedMain] trationDelegate$BeanPostProcessorChecker : Bean 'myShiroRealm' of type [com.zhanghe.Fast.config.ShiroRealm] is not eligible for getting processed by all BeanPostProcessors (for example: not eligible for auto-proxying)
2017-07-18 22:03:40.199  INFO 23188 --- [restartedMain] trationDelegate$BeanPostProcessorChecker : Bean 'ehCacheManager' of type [org.apache.shiro.cache.ehcache.EhCacheManager] is not eligible for getting processed by all BeanPostProcessors (for example: not eligible for auto-proxying)
2017-07-18 22:03:40.200  INFO 23188 --- [restartedMain] o.a.shiro.cache.ehcache.EhCacheManager   : Cache with name 'com.zhanghe.Fast.config.ShiroRealm.authorizationCache.1' does not yet exist.  Creating now.
2017-07-18 22:03:40.200  INFO 23188 --- [restartedMain] o.a.shiro.cache.ehcache.EhCacheManager   : Added EhCache named [com.zhanghe.Fast.config.ShiroRealm.authorizationCache.1]
2017-07-18 22:03:40.200  INFO 23188 --- [restartedMain] trationDelegate$BeanPostProcessorChecker : Bean 'securityManager' of type [org.apache.shiro.web.mgt.DefaultWebSecurityManager] is not eligible for getting processed by all BeanPostProcessors (for example: not eligible for auto-proxying)
2017-07-18 22:03:40.208  INFO 23188 --- [restartedMain] trationDelegate$BeanPostProcessorChecker : Bean 'org.springframework.transaction.annotation.ProxyTransactionManagementConfiguration' of type [org.springframework.transaction.annotation.ProxyTransactionManagementConfiguration$$EnhancerBySpringCGLIB$$aefec418] is not eligible for getting processed by all BeanPostProcessors (for example: not eligible for auto-proxying)
2017-07-18 22:03:40.209  INFO 23188 --- [restartedMain] trationDelegate$BeanPostProcessorChecker : Bean 'authorizationAttributeSourceAdvisor' of type [org.apache.shiro.spring.security.interceptor.AuthorizationAttributeSourceAdvisor] is not eligible for getting processed by all BeanPostProcessors (for example: not eligible for auto-proxying)
2017-07-18 22:03:40.263  INFO 23188 --- [restartedMain] s.b.c.e.t.TomcatEmbeddedServletContainer : Tomcat initialized with port(s): 8081 (http)
2017-07-18 22:03:40.263  INFO 23188 --- [restartedMain] o.apache.catalina.core.StandardService   : Starting service Tomcat
2017-07-18 22:03:40.263  INFO 23188 --- [restartedMain] org.apache.catalina.core.StandardEngine  : Starting Servlet Engine: Apache Tomcat/8.5.11
2017-07-18 22:03:40.269  INFO 23188 --- [localhost-startStop-1] o.a.c.c.C.[Tomcat].[localhost].[/]       : Initializing Spring embedded WebApplicationContext
2017-07-18 22:03:40.270  INFO 23188 --- [localhost-startStop-1] o.s.web.context.ContextLoader            : Root WebApplicationContext: initialization completed in 348 ms
2017-07-18 22:03:40.351  INFO 23188 --- [localhost-startStop-1] o.s.b.w.servlet.FilterRegistrationBean   : Mapping filter: 'characterEncodingFilter' to: [/*]
2017-07-18 22:03:40.351  INFO 23188 --- [localhost-startStop-1] o.s.b.w.servlet.FilterRegistrationBean   : Mapping filter: 'hiddenHttpMethodFilter' to: [/*]
2017-07-18 22:03:40.351  INFO 23188 --- [localhost-startStop-1] o.s.b.w.servlet.FilterRegistrationBean   : Mapping filter: 'httpPutFormContentFilter' to: [/*]
2017-07-18 22:03:40.351  INFO 23188 --- [localhost-startStop-1] o.s.b.w.servlet.FilterRegistrationBean   : Mapping filter: 'requestContextFilter' to: [/*]
2017-07-18 22:03:40.351  INFO 23188 --- [localhost-startStop-1] o.s.b.w.servlet.FilterRegistrationBean   : Mapping filter: 'xssFilter' to urls: [/*]
2017-07-18 22:03:40.351  INFO 23188 --- [localhost-startStop-1] o.s.b.w.servlet.FilterRegistrationBean   : Mapping filter: 'webStatFilter' to: [/*]
2017-07-18 22:03:40.351  INFO 23188 --- [localhost-startStop-1] o.s.b.w.servlet.FilterRegistrationBean   : Mapping filter: 'shirFilter' to: [/*]
2017-07-18 22:03:40.352  INFO 23188 --- [localhost-startStop-1] o.s.b.w.servlet.ServletRegistrationBean  : Mapping servlet: 'statViewServlet' to [/druid/*]
2017-07-18 22:03:40.352  INFO 23188 --- [localhost-startStop-1] o.s.b.w.servlet.ServletRegistrationBean  : Mapping servlet: 'dispatcherServlet' to [/]
2017-07-18 22:03:40.498  INFO 23188 --- [restartedMain] s.w.s.m.m.a.RequestMappingHandlerAdapter : Looking for @ControllerAdvice: org.springframework.boot.context.embedded.AnnotationConfigEmbeddedWebApplicationContext@2f3151f9: startup date [Tue Jul 18 22:03:39 CST 2017]; root of context hierarchy
2017-07-18 22:03:40.514  INFO 23188 --- [restartedMain] s.w.s.m.m.a.RequestMappingHandlerMapping : Mapped "{[/index]}" onto public java.lang.String com.zhanghe.Fast.controller.IndexController.index(java.lang.String)
2017-07-18 22:03:40.515  INFO 23188 --- [restartedMain] s.w.s.m.m.a.RequestMappingHandlerMapping : Mapped "{[/login2],methods=[POST]}" onto public java.lang.String com.zhanghe.Fast.controller.LoginController.login(javax.servlet.http.HttpServletRequest,java.util.Map<java.lang.String, java.lang.Object>) throws java.lang.Exception
2017-07-18 22:03:40.515  INFO 23188 --- [restartedMain] s.w.s.m.m.a.RequestMappingHandlerMapping : Mapped "{[/login],methods=[POST]}" onto public java.lang.String com.zhanghe.Fast.controller.LoginController.login(com.zhanghe.Fast.entity.User)
2017-07-18 22:03:40.515  INFO 23188 --- [restartedMain] s.w.s.m.m.a.RequestMappingHandlerMapping : Mapped "{[/login],methods=[GET]}" onto public java.lang.String com.zhanghe.Fast.controller.LoginController.login()
2017-07-18 22:03:40.517  INFO 23188 --- [restartedMain] s.w.s.m.m.a.RequestMappingHandlerMapping : Mapped "{[/error]}" onto public org.springframework.http.ResponseEntity<java.util.Map<java.lang.String, java.lang.Object>> org.springframework.boot.autoconfigure.web.BasicErrorController.error(javax.servlet.http.HttpServletRequest)
2017-07-18 22:03:40.517  INFO 23188 --- [restartedMain] s.w.s.m.m.a.RequestMappingHandlerMapping : Mapped "{[/error],produces=[text/html]}" onto public org.springframework.web.servlet.ModelAndView org.springframework.boot.autoconfigure.web.BasicErrorController.errorHtml(javax.servlet.http.HttpServletRequest,javax.servlet.http.HttpServletResponse)
2017-07-18 22:03:40.540  INFO 23188 --- [restartedMain] o.s.w.s.handler.SimpleUrlHandlerMapping  : Mapped URL path [/webjars/**] onto handler of type [class org.springframework.web.servlet.resource.ResourceHttpRequestHandler]
2017-07-18 22:03:40.541  INFO 23188 --- [restartedMain] o.s.w.s.handler.SimpleUrlHandlerMapping  : Mapped URL path [/**] onto handler of type [class org.springframework.web.servlet.resource.ResourceHttpRequestHandler]
2017-07-18 22:03:40.569  INFO 23188 --- [restartedMain] o.s.w.s.handler.SimpleUrlHandlerMapping  : Mapped URL path [/**/favicon.ico] onto handler of type [class org.springframework.web.servlet.resource.ResourceHttpRequestHandler]
2017-07-18 22:03:40.680  INFO 23188 --- [restartedMain] o.s.b.d.a.OptionalLiveReloadServer       : LiveReload server is running on port 35729
2017-07-18 22:03:40.732  INFO 23188 --- [restartedMain] o.s.j.e.a.AnnotationMBeanExporter        : Registering beans for JMX exposure on startup
2017-07-18 22:03:40.733  INFO 23188 --- [restartedMain] o.s.j.e.a.AnnotationMBeanExporter        : Bean with name 'dataSource' has been autodetected for JMX exposure
2017-07-18 22:03:40.733  INFO 23188 --- [restartedMain] o.s.j.e.a.AnnotationMBeanExporter        : Bean with name 'statFilter' has been autodetected for JMX exposure
2017-07-18 22:03:40.733  INFO 23188 --- [restartedMain] o.s.j.e.a.AnnotationMBeanExporter        : Bean with name 'wallFilter' has been autodetected for JMX exposure
2017-07-18 22:03:40.735  INFO 23188 --- [restartedMain] o.s.j.e.a.AnnotationMBeanExporter        : Located MBean 'dataSource': registering with JMX server as MBean [com.alibaba.druid.pool:name=dataSource,type=DruidDataSource]
2017-07-18 22:03:40.737  INFO 23188 --- [restartedMain] o.s.j.e.a.AnnotationMBeanExporter        : Located MBean 'wallFilter': registering with JMX server as MBean [com.alibaba.druid.wall:name=wallFilter,type=WallFilter]
2017-07-18 22:03:40.737  INFO 23188 --- [restartedMain] o.s.j.e.a.AnnotationMBeanExporter        : Located MBean 'statFilter': registering with JMX server as MBean [com.alibaba.druid.filter.stat:name=statFilter,type=StatFilter]
2017-07-18 22:03:40.745  INFO 23188 --- [restartedMain] s.b.c.e.t.TomcatEmbeddedServletContainer : Tomcat started on port(s): 8081 (http)
2017-07-18 22:03:40.746  INFO 23188 --- [restartedMain] com.zhanghe.Fast.FastApplication         : Started FastApplication in 0.855 seconds (JVM running for 273.109)
2017-07-18 22:03:48.003  INFO 23188 --- [http-nio-8081-exec-1] o.a.c.c.C.[Tomcat].[localhost].[/]       : Initializing Spring FrameworkServlet 'dispatcherServlet'
2017-07-18 22:03:48.004  INFO 23188 --- [http-nio-8081-exec-1] o.s.web.servlet.DispatcherServlet        : FrameworkServlet 'dispatcherServlet': initialization started
2017-07-18 22:03:48.015  INFO 23188 --- [http-nio-8081-exec-1] o.s.web.servlet.DispatcherServlet        : FrameworkServlet 'dispatcherServlet': initialization completed in 11 ms
2017-07-18 22:03:48.023  INFO 23188 --- [http-nio-8081-exec-1] com.alibaba.druid.pool.DruidDataSource   : {dataSource-2} inited
2017-07-18 22:03:48.029 DEBUG 23188 --- [http-nio-8081-exec-1] c.z.F.m.UserMapper.getUserByUserName     : ==>  Preparing: select * from User where UserName=? 
2017-07-18 22:03:48.030 DEBUG 23188 --- [http-nio-8081-exec-1] c.z.F.m.UserMapper.getUserByUserName     : ==> Parameters: zhang(String)
2017-07-18 22:03:48.033 DEBUG 23188 --- [http-nio-8081-exec-1] c.z.F.m.UserMapper.getUserByUserName     : <==      Total: 1
2017-07-18 22:03:48.034 DEBUG 23188 --- [http-nio-8081-exec-1] c.z.F.mapper.UserMapper.getRoleByUserId  : ==>  Preparing: select * from Role where id in (select role from t_user_role where user=?) 
2017-07-18 22:03:48.035 DEBUG 23188 --- [http-nio-8081-exec-1] c.z.F.mapper.UserMapper.getRoleByUserId  : ==> Parameters: 1(Long)
2017-07-18 22:03:48.037 DEBUG 23188 --- [http-nio-8081-exec-1] c.z.F.mapper.UserMapper.getRoleByUserId  : <==      Total: 1
2017-07-18 22:03:48.038 DEBUG 23188 --- [http-nio-8081-exec-1] c.z.F.m.U.getPermissionByUserId          : ==>  Preparing: SELECT * FROM Permission WHERE id IN( SELECT Permission FROM t_role_permission WHERE role IN(SELECT id FROM Role WHERE id IN (SELECT role FROM t_user_role WHERE USER=?) )) 
2017-07-18 22:03:48.039 DEBUG 23188 --- [http-nio-8081-exec-1] c.z.F.m.U.getPermissionByUserId          : ==> Parameters: 1(Long)
2017-07-18 22:03:48.041 DEBUG 23188 --- [http-nio-8081-exec-1] c.z.F.m.U.getPermissionByUserId          : <==      Total: 1
2017-07-18 22:03:48.054 DEBUG 23188 --- [http-nio-8081-exec-1] c.z.Fast.mapper.TestMapper.getTestByid   : ==>  Preparing: select * from test where id=? 
2017-07-18 22:03:48.055 DEBUG 23188 --- [http-nio-8081-exec-1] c.z.Fast.mapper.TestMapper.getTestByid   : ==> Parameters: 1(Integer)
2017-07-18 22:03:48.057 DEBUG 23188 --- [http-nio-8081-exec-1] c.z.Fast.mapper.TestMapper.getTestByid   : <==      Total: 1
2017-07-18 22:03:48.059 DEBUG 23188 --- [http-nio-8081-exec-1] c.z.Fast.mapper.UserMapper.getUserByid   : ==>  Preparing: select * from User where id=? 
2017-07-18 22:03:48.059 DEBUG 23188 --- [http-nio-8081-exec-1] c.z.Fast.mapper.UserMapper.getUserByid   : ==> Parameters: 1(Long)
2017-07-18 22:03:48.060 DEBUG 23188 --- [http-nio-8081-exec-1] c.z.Fast.mapper.UserMapper.getUserByid   : <==      Total: 1
2017-07-18 22:03:48.065 DEBUG 23188 --- [http-nio-8081-exec-1] c.z.F.mapper.UserMapper.getRoleByUserId  : ==>  Preparing: select * from Role where id in (select role from t_user_role where user=?) 
2017-07-18 22:03:48.065 DEBUG 23188 --- [http-nio-8081-exec-1] c.z.F.mapper.UserMapper.getRoleByUserId  : ==> Parameters: 1(Long)
2017-07-18 22:03:48.066 DEBUG 23188 --- [http-nio-8081-exec-1] c.z.F.mapper.UserMapper.getRoleByUserId  : <==      Total: 1
2017-07-18 22:03:48.067 DEBUG 23188 --- [http-nio-8081-exec-1] c.z.F.m.U.getPermissionByUserId          : ==>  Preparing: SELECT * FROM Permission WHERE id IN( SELECT Permission FROM t_role_permission WHERE role IN(SELECT id FROM Role WHERE id IN (SELECT role FROM t_user_role WHERE USER=?) )) 
2017-07-18 22:03:48.067 DEBUG 23188 --- [http-nio-8081-exec-1] c.z.F.m.U.getPermissionByUserId          : ==> Parameters: 1(Long)
2017-07-18 22:03:48.068 DEBUG 23188 --- [http-nio-8081-exec-1] c.z.F.m.U.getPermissionByUserId          : <==      Total: 1
2017-07-18 22:03:48.069 DEBUG 23188 --- [http-nio-8081-exec-1] c.z.F.m.UserMapper.getUserByUserName     : ==>  Preparing: select * from User where UserName=? 
2017-07-18 22:03:48.069 DEBUG 23188 --- [http-nio-8081-exec-1] c.z.F.m.UserMapper.getUserByUserName     : ==> Parameters: zhang(String)
2017-07-18 22:03:48.070 DEBUG 23188 --- [http-nio-8081-exec-1] c.z.F.m.UserMapper.getUserByUserName     : <==      Total: 1
2017-07-18 22:03:57.632 DEBUG 23188 --- [http-nio-8081-exec-3] c.z.Fast.mapper.TestMapper.getTestByid   : ==>  Preparing: select * from test where id=? 
2017-07-18 22:03:57.633 DEBUG 23188 --- [http-nio-8081-exec-3] c.z.Fast.mapper.TestMapper.getTestByid   : ==> Parameters: 1(Integer)
2017-07-18 22:03:57.634 DEBUG 23188 --- [http-nio-8081-exec-3] c.z.Fast.mapper.TestMapper.getTestByid   : <==      Total: 1
2017-07-18 22:03:57.637 DEBUG 23188 --- [http-nio-8081-exec-3] c.z.Fast.mapper.UserMapper.getUserByid   : ==>  Preparing: select * from User where id=? 
2017-07-18 22:03:57.637 DEBUG 23188 --- [http-nio-8081-exec-3] c.z.Fast.mapper.UserMapper.getUserByid   : ==> Parameters: 1(Long)
2017-07-18 22:03:57.639 DEBUG 23188 --- [http-nio-8081-exec-3] c.z.Fast.mapper.UserMapper.getUserByid   : <==      Total: 1
2017-07-18 22:03:57.641 DEBUG 23188 --- [http-nio-8081-exec-3] c.z.F.mapper.UserMapper.getRoleByUserId  : ==>  Preparing: select * from Role where id in (select role from t_user_role where user=?) 
2017-07-18 22:03:57.642 DEBUG 23188 --- [http-nio-8081-exec-3] c.z.F.mapper.UserMapper.getRoleByUserId  : ==> Parameters: 1(Long)
2017-07-18 22:03:57.645 DEBUG 23188 --- [http-nio-8081-exec-3] c.z.F.mapper.UserMapper.getRoleByUserId  : <==      Total: 1
2017-07-18 22:03:57.648 DEBUG 23188 --- [http-nio-8081-exec-3] c.z.F.m.U.getPermissionByUserId          : ==>  Preparing: SELECT * FROM Permission WHERE id IN( SELECT Permission FROM t_role_permission WHERE role IN(SELECT id FROM Role WHERE id IN (SELECT role FROM t_user_role WHERE USER=?) )) 
2017-07-18 22:03:57.648 DEBUG 23188 --- [http-nio-8081-exec-3] c.z.F.m.U.getPermissionByUserId          : ==> Parameters: 1(Long)
2017-07-18 22:03:57.651 DEBUG 23188 --- [http-nio-8081-exec-3] c.z.F.m.U.getPermissionByUserId          : <==      Total: 1
2017-07-18 22:03:57.652 DEBUG 23188 --- [http-nio-8081-exec-3] c.z.F.m.UserMapper.getUserByUserName     : ==>  Preparing: select * from User where UserName=? 
2017-07-18 22:03:57.653 DEBUG 23188 --- [http-nio-8081-exec-3] c.z.F.m.UserMapper.getUserByUserName     : ==> Parameters: zhang(String)
2017-07-18 22:03:57.654 DEBUG 23188 --- [http-nio-8081-exec-3] c.z.F.m.UserMapper.getUserByUserName     : <==      Total: 1
2017-07-18 22:13:28.653  INFO 23188 --- [Thread-11] ationConfigEmbeddedWebApplicationContext : Closing org.springframework.boot.context.embedded.AnnotationConfigEmbeddedWebApplicationContext@2f3151f9: startup date [Tue Jul 18 22:03:39 CST 2017]; root of context hierarchy
2017-07-18 22:13:28.654  INFO 23188 --- [Thread-11] o.s.j.e.a.AnnotationMBeanExporter        : Unregistering JMX-exposed beans on shutdown
2017-07-18 22:13:28.655  INFO 23188 --- [Thread-11] o.s.j.e.a.AnnotationMBeanExporter        : Unregistering JMX-exposed beans
2017-07-18 22:13:28.656  INFO 23188 --- [Thread-11] com.alibaba.druid.pool.DruidDataSource   : {dataSource-2} closed
2017-07-18 22:13:29.103  INFO 23188 --- [restartedMain] com.zhanghe.Fast.FastApplication         : Starting FastApplication on Clevo-PC with PID 23188 (F:\GitWorkSpace\Fast\Fast\Fast\target\classes started by Clevo in F:\GitWorkSpace\Fast\Fast\Fast)
2017-07-18 22:13:29.103 DEBUG 23188 --- [restartedMain] com.zhanghe.Fast.FastApplication         : Running with Spring Boot v1.5.2.RELEASE, Spring v4.3.7.RELEASE
2017-07-18 22:13:29.103  INFO 23188 --- [restartedMain] com.zhanghe.Fast.FastApplication         : The following profiles are active: dev
2017-07-18 22:13:29.105  INFO 23188 --- [restartedMain] ationConfigEmbeddedWebApplicationContext : Refreshing org.springframework.boot.context.embedded.AnnotationConfigEmbeddedWebApplicationContext@4933cce7: startup date [Tue Jul 18 22:13:29 CST 2017]; root of context hierarchy
2017-07-18 22:13:29.351  INFO 23188 --- [restartedMain] trationDelegate$BeanPostProcessorChecker : Bean 'shiroConfig' of type [com.zhanghe.Fast.config.ShiroConfig$$EnhancerBySpringCGLIB$$f064a664] is not eligible for getting processed by all BeanPostProcessors (for example: not eligible for auto-proxying)
2017-07-18 22:13:29.380  INFO 23188 --- [restartedMain] trationDelegate$BeanPostProcessorChecker : Bean 'mybatis-org.mybatis.spring.boot.autoconfigure.MybatisProperties' of type [org.mybatis.spring.boot.autoconfigure.MybatisProperties] is not eligible for getting processed by all BeanPostProcessors (for example: not eligible for auto-proxying)
2017-07-18 22:13:29.383  INFO 23188 --- [restartedMain] trationDelegate$BeanPostProcessorChecker : Bean 'org.mybatis.spring.boot.autoconfigure.MybatisAutoConfiguration' of type [org.mybatis.spring.boot.autoconfigure.MybatisAutoConfiguration$$EnhancerBySpringCGLIB$$e1d31548] is not eligible for getting processed by all BeanPostProcessors (for example: not eligible for auto-proxying)
2017-07-18 22:13:29.387  INFO 23188 --- [restartedMain] trationDelegate$BeanPostProcessorChecker : Bean 'druidConfig' of type [com.zhanghe.Fast.config.DruidConfig$$EnhancerBySpringCGLIB$$450b09d5] is not eligible for getting processed by all BeanPostProcessors (for example: not eligible for auto-proxying)
2017-07-18 22:13:29.390  INFO 23188 --- [restartedMain] trationDelegate$BeanPostProcessorChecker : Bean 'statFilter' of type [com.alibaba.druid.filter.stat.StatFilter] is not eligible for getting processed by all BeanPostProcessors (for example: not eligible for auto-proxying)
2017-07-18 22:13:29.392  INFO 23188 --- [restartedMain] trationDelegate$BeanPostProcessorChecker : Bean 'wallFilter' of type [com.alibaba.druid.wall.WallFilter] is not eligible for getting processed by all BeanPostProcessors (for example: not eligible for auto-proxying)
2017-07-18 22:13:29.393  INFO 23188 --- [restartedMain] trationDelegate$BeanPostProcessorChecker : Bean 'dataSource' of type [com.alibaba.druid.pool.DruidDataSource] is not eligible for getting processed by all BeanPostProcessors (for example: not eligible for auto-proxying)
2017-07-18 22:13:29.394  INFO 23188 --- [restartedMain] trationDelegate$BeanPostProcessorChecker : Bean 'sqlSessionFactory' of type [org.apache.ibatis.session.defaults.DefaultSqlSessionFactory] is not eligible for getting processed by all BeanPostProcessors (for example: not eligible for auto-proxying)
2017-07-18 22:13:29.395  INFO 23188 --- [restartedMain] trationDelegate$BeanPostProcessorChecker : Bean 'sqlSessionTemplate' of type [org.mybatis.spring.SqlSessionTemplate] is not eligible for getting processed by all BeanPostProcessors (for example: not eligible for auto-proxying)
2017-07-18 22:13:29.396  INFO 23188 --- [restartedMain] trationDelegate$BeanPostProcessorChecker : Bean 'userMapper' of type [org.mybatis.spring.mapper.MapperFactoryBean] is not eligible for getting processed by all BeanPostProcessors (for example: not eligible for auto-proxying)
2017-07-18 22:13:29.397  INFO 23188 --- [restartedMain] trationDelegate$BeanPostProcessorChecker : Bean 'userMapper' of type [com.sun.proxy.$Proxy85] is not eligible for getting processed by all BeanPostProcessors (for example: not eligible for auto-proxying)
2017-07-18 22:13:29.397  INFO 23188 --- [restartedMain] trationDelegate$BeanPostProcessorChecker : Bean 'userServiceImpl' of type [com.zhanghe.Fast.service.impl.UserServiceImpl] is not eligible for getting processed by all BeanPostProcessors (for example: not eligible for auto-proxying)
2017-07-18 22:13:29.397  INFO 23188 --- [restartedMain] org.apache.shiro.realm.AuthorizingRealm  : No cache or cacheManager properties have been set.  Authorization cache cannot be obtained.
2017-07-18 22:13:29.397  INFO 23188 --- [restartedMain] trationDelegate$BeanPostProcessorChecker : Bean 'myShiroRealm' of type [com.zhanghe.Fast.config.ShiroRealm] is not eligible for getting processed by all BeanPostProcessors (for example: not eligible for auto-proxying)
2017-07-18 22:13:29.400  INFO 23188 --- [restartedMain] trationDelegate$BeanPostProcessorChecker : Bean 'ehCacheManager' of type [org.apache.shiro.cache.ehcache.EhCacheManager] is not eligible for getting processed by all BeanPostProcessors (for example: not eligible for auto-proxying)
2017-07-18 22:13:29.401  INFO 23188 --- [restartedMain] o.a.shiro.cache.ehcache.EhCacheManager   : Cache with name 'com.zhanghe.Fast.config.ShiroRealm.authorizationCache.2' does not yet exist.  Creating now.
2017-07-18 22:13:29.401  INFO 23188 --- [restartedMain] o.a.shiro.cache.ehcache.EhCacheManager   : Added EhCache named [com.zhanghe.Fast.config.ShiroRealm.authorizationCache.2]
2017-07-18 22:13:29.401  INFO 23188 --- [restartedMain] trationDelegate$BeanPostProcessorChecker : Bean 'securityManager' of type [org.apache.shiro.web.mgt.DefaultWebSecurityManager] is not eligible for getting processed by all BeanPostProcessors (for example: not eligible for auto-proxying)
2017-07-18 22:13:29.408  INFO 23188 --- [restartedMain] trationDelegate$BeanPostProcessorChecker : Bean 'org.springframework.transaction.annotation.ProxyTransactionManagementConfiguration' of type [org.springframework.transaction.annotation.ProxyTransactionManagementConfiguration$$EnhancerBySpringCGLIB$$aefec418] is not eligible for getting processed by all BeanPostProcessors (for example: not eligible for auto-proxying)
2017-07-18 22:13:29.410  INFO 23188 --- [restartedMain] trationDelegate$BeanPostProcessorChecker : Bean 'authorizationAttributeSourceAdvisor' of type [org.apache.shiro.spring.security.interceptor.AuthorizationAttributeSourceAdvisor] is not eligible for getting processed by all BeanPostProcessors (for example: not eligible for auto-proxying)
2017-07-18 22:13:29.457  INFO 23188 --- [restartedMain] s.b.c.e.t.TomcatEmbeddedServletContainer : Tomcat initialized with port(s): 8081 (http)
2017-07-18 22:13:29.458  INFO 23188 --- [restartedMain] o.apache.catalina.core.StandardService   : Starting service Tomcat
2017-07-18 22:13:29.458  INFO 23188 --- [restartedMain] org.apache.catalina.core.StandardEngine  : Starting Servlet Engine: Apache Tomcat/8.5.11
2017-07-18 22:13:29.462  INFO 23188 --- [localhost-startStop-1] o.a.c.c.C.[Tomcat].[localhost].[/]       : Initializing Spring embedded WebApplicationContext
2017-07-18 22:13:29.463  INFO 23188 --- [localhost-startStop-1] o.s.web.context.ContextLoader            : Root WebApplicationContext: initialization completed in 358 ms
2017-07-18 22:13:29.512  INFO 23188 --- [localhost-startStop-1] o.s.b.w.servlet.ServletRegistrationBean  : Mapping servlet: 'statViewServlet' to [/druid/*]
2017-07-18 22:13:29.513  INFO 23188 --- [localhost-startStop-1] o.s.b.w.servlet.ServletRegistrationBean  : Mapping servlet: 'dispatcherServlet' to [/]
2017-07-18 22:13:29.513  INFO 23188 --- [localhost-startStop-1] o.s.b.w.servlet.FilterRegistrationBean   : Mapping filter: 'characterEncodingFilter' to: [/*]
2017-07-18 22:13:29.513  INFO 23188 --- [localhost-startStop-1] o.s.b.w.servlet.FilterRegistrationBean   : Mapping filter: 'hiddenHttpMethodFilter' to: [/*]
2017-07-18 22:13:29.513  INFO 23188 --- [localhost-startStop-1] o.s.b.w.servlet.FilterRegistrationBean   : Mapping filter: 'httpPutFormContentFilter' to: [/*]
2017-07-18 22:13:29.513  INFO 23188 --- [localhost-startStop-1] o.s.b.w.servlet.FilterRegistrationBean   : Mapping filter: 'requestContextFilter' to: [/*]
2017-07-18 22:13:29.513  INFO 23188 --- [localhost-startStop-1] o.s.b.w.servlet.FilterRegistrationBean   : Mapping filter: 'webStatFilter' to: [/*]
2017-07-18 22:13:29.513  INFO 23188 --- [localhost-startStop-1] o.s.b.w.servlet.FilterRegistrationBean   : Mapping filter: 'shirFilter' to: [/*]
2017-07-18 22:13:29.623  INFO 23188 --- [restartedMain] s.w.s.m.m.a.RequestMappingHandlerAdapter : Looking for @ControllerAdvice: org.springframework.boot.context.embedded.AnnotationConfigEmbeddedWebApplicationContext@4933cce7: startup date [Tue Jul 18 22:13:29 CST 2017]; root of context hierarchy
2017-07-18 22:13:29.638  INFO 23188 --- [restartedMain] s.w.s.m.m.a.RequestMappingHandlerMapping : Mapped "{[/index]}" onto public java.lang.String com.zhanghe.Fast.controller.IndexController.index(java.lang.String)
2017-07-18 22:13:29.640  INFO 23188 --- [restartedMain] s.w.s.m.m.a.RequestMappingHandlerMapping : Mapped "{[/login2],methods=[POST]}" onto public java.lang.String com.zhanghe.Fast.controller.LoginController.login(javax.servlet.http.HttpServletRequest,java.util.Map<java.lang.String, java.lang.Object>) throws java.lang.Exception
2017-07-18 22:13:29.640  INFO 23188 --- [restartedMain] s.w.s.m.m.a.RequestMappingHandlerMapping : Mapped "{[/login],methods=[POST]}" onto public java.lang.String com.zhanghe.Fast.controller.LoginController.login(com.zhanghe.Fast.entity.User)
2017-07-18 22:13:29.640  INFO 23188 --- [restartedMain] s.w.s.m.m.a.RequestMappingHandlerMapping : Mapped "{[/login],methods=[GET]}" onto public java.lang.String com.zhanghe.Fast.controller.LoginController.login()
2017-07-18 22:13:29.641  INFO 23188 --- [restartedMain] s.w.s.m.m.a.RequestMappingHandlerMapping : Mapped "{[/error]}" onto public org.springframework.http.ResponseEntity<java.util.Map<java.lang.String, java.lang.Object>> org.springframework.boot.autoconfigure.web.BasicErrorController.error(javax.servlet.http.HttpServletRequest)
2017-07-18 22:13:29.641  INFO 23188 --- [restartedMain] s.w.s.m.m.a.RequestMappingHandlerMapping : Mapped "{[/error],produces=[text/html]}" onto public org.springframework.web.servlet.ModelAndView org.springframework.boot.autoconfigure.web.BasicErrorController.errorHtml(javax.servlet.http.HttpServletRequest,javax.servlet.http.HttpServletResponse)
2017-07-18 22:13:29.664  INFO 23188 --- [restartedMain] o.s.w.s.handler.SimpleUrlHandlerMapping  : Mapped URL path [/webjars/**] onto handler of type [class org.springframework.web.servlet.resource.ResourceHttpRequestHandler]
2017-07-18 22:13:29.665  INFO 23188 --- [restartedMain] o.s.w.s.handler.SimpleUrlHandlerMapping  : Mapped URL path [/**] onto handler of type [class org.springframework.web.servlet.resource.ResourceHttpRequestHandler]
2017-07-18 22:13:29.689  INFO 23188 --- [restartedMain] o.s.w.s.handler.SimpleUrlHandlerMapping  : Mapped URL path [/**/favicon.ico] onto handler of type [class org.springframework.web.servlet.resource.ResourceHttpRequestHandler]
2017-07-18 22:13:29.802  INFO 23188 --- [restartedMain] o.s.b.d.a.OptionalLiveReloadServer       : LiveReload server is running on port 35729
2017-07-18 22:13:29.850  INFO 23188 --- [restartedMain] o.s.j.e.a.AnnotationMBeanExporter        : Registering beans for JMX exposure on startup
2017-07-18 22:13:29.850  INFO 23188 --- [restartedMain] o.s.j.e.a.AnnotationMBeanExporter        : Bean with name 'dataSource' has been autodetected for JMX exposure
2017-07-18 22:13:29.850  INFO 23188 --- [restartedMain] o.s.j.e.a.AnnotationMBeanExporter        : Bean with name 'statFilter' has been autodetected for JMX exposure
2017-07-18 22:13:29.850  INFO 23188 --- [restartedMain] o.s.j.e.a.AnnotationMBeanExporter        : Bean with name 'wallFilter' has been autodetected for JMX exposure
2017-07-18 22:13:29.853  INFO 23188 --- [restartedMain] o.s.j.e.a.AnnotationMBeanExporter        : Located MBean 'dataSource': registering with JMX server as MBean [com.alibaba.druid.pool:name=dataSource,type=DruidDataSource]
2017-07-18 22:13:29.854  INFO 23188 --- [restartedMain] o.s.j.e.a.AnnotationMBeanExporter        : Located MBean 'wallFilter': registering with JMX server as MBean [com.alibaba.druid.wall:name=wallFilter,type=WallFilter]
2017-07-18 22:13:29.854  INFO 23188 --- [restartedMain] o.s.j.e.a.AnnotationMBeanExporter        : Located MBean 'statFilter': registering with JMX server as MBean [com.alibaba.druid.filter.stat:name=statFilter,type=StatFilter]
2017-07-18 22:13:29.862  INFO 23188 --- [restartedMain] s.b.c.e.t.TomcatEmbeddedServletContainer : Tomcat started on port(s): 8081 (http)
2017-07-18 22:13:29.864  INFO 23188 --- [restartedMain] com.zhanghe.Fast.FastApplication         : Started FastApplication in 0.796 seconds (JVM running for 862.222)
2017-07-18 22:13:31.587  INFO 23188 --- [es] net.sf.ehcache.util.UpdateChecker        : New update(s) found: 2.6.5 [http://www.terracotta.org/confluence/display/release/Release+Notes+Ehcache+Core+2.6]. Please check http://ehcache.org for the latest version.
2017-07-18 22:13:55.291  INFO 23188 --- [Thread-18] ationConfigEmbeddedWebApplicationContext : Closing org.springframework.boot.context.embedded.AnnotationConfigEmbeddedWebApplicationContext@4933cce7: startup date [Tue Jul 18 22:13:29 CST 2017]; root of context hierarchy
2017-07-18 22:13:55.292  INFO 23188 --- [Thread-18] o.s.j.e.a.AnnotationMBeanExporter        : Unregistering JMX-exposed beans on shutdown
2017-07-18 22:13:55.292  INFO 23188 --- [Thread-18] o.s.j.e.a.AnnotationMBeanExporter        : Unregistering JMX-exposed beans
2017-07-18 22:13:55.642  INFO 23188 --- [restartedMain] com.zhanghe.Fast.FastApplication         : Starting FastApplication on Clevo-PC with PID 23188 (F:\GitWorkSpace\Fast\Fast\Fast\target\classes started by Clevo in F:\GitWorkSpace\Fast\Fast\Fast)
2017-07-18 22:13:55.651 DEBUG 23188 --- [restartedMain] com.zhanghe.Fast.FastApplication         : Running with Spring Boot v1.5.2.RELEASE, Spring v4.3.7.RELEASE
2017-07-18 22:13:55.651  INFO 23188 --- [restartedMain] com.zhanghe.Fast.FastApplication         : The following profiles are active: dev
2017-07-18 22:13:55.653  INFO 23188 --- [restartedMain] ationConfigEmbeddedWebApplicationContext : Refreshing org.springframework.boot.context.embedded.AnnotationConfigEmbeddedWebApplicationContext@2878eed7: startup date [Tue Jul 18 22:13:55 CST 2017]; root of context hierarchy
2017-07-18 22:13:55.956  INFO 23188 --- [restartedMain] trationDelegate$BeanPostProcessorChecker : Bean 'shiroConfig' of type [com.zhanghe.Fast.config.ShiroConfig$$EnhancerBySpringCGLIB$$f064a664] is not eligible for getting processed by all BeanPostProcessors (for example: not eligible for auto-proxying)
2017-07-18 22:13:55.990  INFO 23188 --- [restartedMain] trationDelegate$BeanPostProcessorChecker : Bean 'mybatis-org.mybatis.spring.boot.autoconfigure.MybatisProperties' of type [org.mybatis.spring.boot.autoconfigure.MybatisProperties] is not eligible for getting processed by all BeanPostProcessors (for example: not eligible for auto-proxying)
2017-07-18 22:13:55.993  INFO 23188 --- [restartedMain] trationDelegate$BeanPostProcessorChecker : Bean 'org.mybatis.spring.boot.autoconfigure.MybatisAutoConfiguration' of type [org.mybatis.spring.boot.autoconfigure.MybatisAutoConfiguration$$EnhancerBySpringCGLIB$$e1d31548] is not eligible for getting processed by all BeanPostProcessors (for example: not eligible for auto-proxying)
2017-07-18 22:13:55.999  INFO 23188 --- [restartedMain] trationDelegate$BeanPostProcessorChecker : Bean 'druidConfig' of type [com.zhanghe.Fast.config.DruidConfig$$EnhancerBySpringCGLIB$$450b09d5] is not eligible for getting processed by all BeanPostProcessors (for example: not eligible for auto-proxying)
2017-07-18 22:13:56.004  INFO 23188 --- [restartedMain] trationDelegate$BeanPostProcessorChecker : Bean 'statFilter' of type [com.alibaba.druid.filter.stat.StatFilter] is not eligible for getting processed by all BeanPostProcessors (for example: not eligible for auto-proxying)
2017-07-18 22:13:56.007  INFO 23188 --- [restartedMain] trationDelegate$BeanPostProcessorChecker : Bean 'wallFilter' of type [com.alibaba.druid.wall.WallFilter] is not eligible for getting processed by all BeanPostProcessors (for example: not eligible for auto-proxying)
2017-07-18 22:13:56.008  INFO 23188 --- [restartedMain] trationDelegate$BeanPostProcessorChecker : Bean 'dataSource' of type [com.alibaba.druid.pool.DruidDataSource] is not eligible for getting processed by all BeanPostProcessors (for example: not eligible for auto-proxying)
2017-07-18 22:13:56.010  INFO 23188 --- [restartedMain] trationDelegate$BeanPostProcessorChecker : Bean 'sqlSessionFactory' of type [org.apache.ibatis.session.defaults.DefaultSqlSessionFactory] is not eligible for getting processed by all BeanPostProcessors (for example: not eligible for auto-proxying)
2017-07-18 22:13:56.011  INFO 23188 --- [restartedMain] trationDelegate$BeanPostProcessorChecker : Bean 'sqlSessionTemplate' of type [org.mybatis.spring.SqlSessionTemplate] is not eligible for getting processed by all BeanPostProcessors (for example: not eligible for auto-proxying)
2017-07-18 22:13:56.014  INFO 23188 --- [restartedMain] trationDelegate$BeanPostProcessorChecker : Bean 'userMapper' of type [org.mybatis.spring.mapper.MapperFactoryBean] is not eligible for getting processed by all BeanPostProcessors (for example: not eligible for auto-proxying)
2017-07-18 22:13:56.015  INFO 23188 --- [restartedMain] trationDelegate$BeanPostProcessorChecker : Bean 'userMapper' of type [com.sun.proxy.$Proxy87] is not eligible for getting processed by all BeanPostProcessors (for example: not eligible for auto-proxying)
2017-07-18 22:13:56.015  INFO 23188 --- [restartedMain] trationDelegate$BeanPostProcessorChecker : Bean 'userServiceImpl' of type [com.zhanghe.Fast.service.impl.UserServiceImpl] is not eligible for getting processed by all BeanPostProcessors (for example: not eligible for auto-proxying)
2017-07-18 22:13:56.016  INFO 23188 --- [restartedMain] org.apache.shiro.realm.AuthorizingRealm  : No cache or cacheManager properties have been set.  Authorization cache cannot be obtained.
2017-07-18 22:13:56.016  INFO 23188 --- [restartedMain] trationDelegate$BeanPostProcessorChecker : Bean 'myShiroRealm' of type [com.zhanghe.Fast.config.ShiroRealm] is not eligible for getting processed by all BeanPostProcessors (for example: not eligible for auto-proxying)
2017-07-18 22:13:56.019  INFO 23188 --- [restartedMain] trationDelegate$BeanPostProcessorChecker : Bean 'ehCacheManager' of type [org.apache.shiro.cache.ehcache.EhCacheManager] is not eligible for getting processed by all BeanPostProcessors (for example: not eligible for auto-proxying)
2017-07-18 22:13:56.020  INFO 23188 --- [restartedMain] o.a.shiro.cache.ehcache.EhCacheManager   : Cache with name 'com.zhanghe.Fast.config.ShiroRealm.authorizationCache.3' does not yet exist.  Creating now.
2017-07-18 22:13:56.020  INFO 23188 --- [restartedMain] o.a.shiro.cache.ehcache.EhCacheManager   : Added EhCache named [com.zhanghe.Fast.config.ShiroRealm.authorizationCache.3]
2017-07-18 22:13:56.021  INFO 23188 --- [restartedMain] trationDelegate$BeanPostProcessorChecker : Bean 'securityManager' of type [org.apache.shiro.web.mgt.DefaultWebSecurityManager] is not eligible for getting processed by all BeanPostProcessors (for example: not eligible for auto-proxying)
2017-07-18 22:13:56.031  INFO 23188 --- [restartedMain] trationDelegate$BeanPostProcessorChecker : Bean 'org.springframework.transaction.annotation.ProxyTransactionManagementConfiguration' of type [org.springframework.transaction.annotation.ProxyTransactionManagementConfiguration$$EnhancerBySpringCGLIB$$aefec418] is not eligible for getting processed by all BeanPostProcessors (for example: not eligible for auto-proxying)
2017-07-18 22:13:56.033  INFO 23188 --- [restartedMain] trationDelegate$BeanPostProcessorChecker : Bean 'authorizationAttributeSourceAdvisor' of type [org.apache.shiro.spring.security.interceptor.AuthorizationAttributeSourceAdvisor] is not eligible for getting processed by all BeanPostProcessors (for example: not eligible for auto-proxying)
2017-07-18 22:13:56.107  INFO 23188 --- [restartedMain] s.b.c.e.t.TomcatEmbeddedServletContainer : Tomcat initialized with port(s): 8081 (http)
2017-07-18 22:13:56.108  INFO 23188 --- [restartedMain] o.apache.catalina.core.StandardService   : Starting service Tomcat
2017-07-18 22:13:56.108  INFO 23188 --- [restartedMain] org.apache.catalina.core.StandardEngine  : Starting Servlet Engine: Apache Tomcat/8.5.11
2017-07-18 22:13:56.114  INFO 23188 --- [localhost-startStop-1] o.a.c.c.C.[Tomcat].[localhost].[/]       : Initializing Spring embedded WebApplicationContext
2017-07-18 22:13:56.114  INFO 23188 --- [localhost-startStop-1] o.s.web.context.ContextLoader            : Root WebApplicationContext: initialization completed in 461 ms
2017-07-18 22:13:56.206  INFO 23188 --- [localhost-startStop-1] o.s.b.w.servlet.ServletRegistrationBean  : Mapping servlet: 'statViewServlet' to [/druid/*]
2017-07-18 22:13:56.207  INFO 23188 --- [localhost-startStop-1] o.s.b.w.servlet.ServletRegistrationBean  : Mapping servlet: 'dispatcherServlet' to [/]
2017-07-18 22:13:56.207  INFO 23188 --- [localhost-startStop-1] o.s.b.w.servlet.FilterRegistrationBean   : Mapping filter: 'characterEncodingFilter' to: [/*]
2017-07-18 22:13:56.207  INFO 23188 --- [localhost-startStop-1] o.s.b.w.servlet.FilterRegistrationBean   : Mapping filter: 'hiddenHttpMethodFilter' to: [/*]
2017-07-18 22:13:56.207  INFO 23188 --- [localhost-startStop-1] o.s.b.w.servlet.FilterRegistrationBean   : Mapping filter: 'httpPutFormContentFilter' to: [/*]
2017-07-18 22:13:56.207  INFO 23188 --- [localhost-startStop-1] o.s.b.w.servlet.FilterRegistrationBean   : Mapping filter: 'requestContextFilter' to: [/*]
2017-07-18 22:13:56.207  INFO 23188 --- [localhost-startStop-1] o.s.b.w.servlet.FilterRegistrationBean   : Mapping filter: 'webStatFilter' to: [/*]
2017-07-18 22:13:56.207  INFO 23188 --- [localhost-startStop-1] o.s.b.w.servlet.FilterRegistrationBean   : Mapping filter: 'xssFilter' to urls: [/*]
2017-07-18 22:13:56.207  INFO 23188 --- [localhost-startStop-1] o.s.b.w.servlet.FilterRegistrationBean   : Mapping filter: 'shirFilter' to: [/*]
2017-07-18 22:13:56.380  INFO 23188 --- [restartedMain] s.w.s.m.m.a.RequestMappingHandlerAdapter : Looking for @ControllerAdvice: org.springframework.boot.context.embedded.AnnotationConfigEmbeddedWebApplicationContext@2878eed7: startup date [Tue Jul 18 22:13:55 CST 2017]; root of context hierarchy
2017-07-18 22:13:56.399  INFO 23188 --- [restartedMain] s.w.s.m.m.a.RequestMappingHandlerMapping : Mapped "{[/index]}" onto public java.lang.String com.zhanghe.Fast.controller.IndexController.index(java.lang.String)
2017-07-18 22:13:56.399  INFO 23188 --- [restartedMain] s.w.s.m.m.a.RequestMappingHandlerMapping : Mapped "{[/login2],methods=[POST]}" onto public java.lang.String com.zhanghe.Fast.controller.LoginController.login(javax.servlet.http.HttpServletRequest,java.util.Map<java.lang.String, java.lang.Object>) throws java.lang.Exception
2017-07-18 22:13:56.399  INFO 23188 --- [restartedMain] s.w.s.m.m.a.RequestMappingHandlerMapping : Mapped "{[/login],methods=[POST]}" onto public java.lang.String com.zhanghe.Fast.controller.LoginController.login(com.zhanghe.Fast.entity.User)
2017-07-18 22:13:56.399  INFO 23188 --- [restartedMain] s.w.s.m.m.a.RequestMappingHandlerMapping : Mapped "{[/login],methods=[GET]}" onto public java.lang.String com.zhanghe.Fast.controller.LoginController.login()
2017-07-18 22:13:56.401  INFO 23188 --- [restartedMain] s.w.s.m.m.a.RequestMappingHandlerMapping : Mapped "{[/error]}" onto public org.springframework.http.ResponseEntity<java.util.Map<java.lang.String, java.lang.Object>> org.springframework.boot.autoconfigure.web.BasicErrorController.error(javax.servlet.http.HttpServletRequest)
2017-07-18 22:13:56.401  INFO 23188 --- [restartedMain] s.w.s.m.m.a.RequestMappingHandlerMapping : Mapped "{[/error],produces=[text/html]}" onto public org.springframework.web.servlet.ModelAndView org.springframework.boot.autoconfigure.web.BasicErrorController.errorHtml(javax.servlet.http.HttpServletRequest,javax.servlet.http.HttpServletResponse)
2017-07-18 22:13:56.425  INFO 23188 --- [restartedMain] o.s.w.s.handler.SimpleUrlHandlerMapping  : Mapped URL path [/webjars/**] onto handler of type [class org.springframework.web.servlet.resource.ResourceHttpRequestHandler]
2017-07-18 22:13:56.425  INFO 23188 --- [restartedMain] o.s.w.s.handler.SimpleUrlHandlerMapping  : Mapped URL path [/**] onto handler of type [class org.springframework.web.servlet.resource.ResourceHttpRequestHandler]
2017-07-18 22:13:56.449  INFO 23188 --- [restartedMain] o.s.w.s.handler.SimpleUrlHandlerMapping  : Mapped URL path [/**/favicon.ico] onto handler of type [class org.springframework.web.servlet.resource.ResourceHttpRequestHandler]
2017-07-18 22:13:56.559  INFO 23188 --- [restartedMain] o.s.b.d.a.OptionalLiveReloadServer       : LiveReload server is running on port 35729
2017-07-18 22:13:56.604  INFO 23188 --- [restartedMain] o.s.j.e.a.AnnotationMBeanExporter        : Registering beans for JMX exposure on startup
2017-07-18 22:13:56.604  INFO 23188 --- [restartedMain] o.s.j.e.a.AnnotationMBeanExporter        : Bean with name 'dataSource' has been autodetected for JMX exposure
2017-07-18 22:13:56.604  INFO 23188 --- [restartedMain] o.s.j.e.a.AnnotationMBeanExporter        : Bean with name 'statFilter' has been autodetected for JMX exposure
2017-07-18 22:13:56.604  INFO 23188 --- [restartedMain] o.s.j.e.a.AnnotationMBeanExporter        : Bean with name 'wallFilter' has been autodetected for JMX exposure
2017-07-18 22:13:56.607  INFO 23188 --- [restartedMain] o.s.j.e.a.AnnotationMBeanExporter        : Located MBean 'dataSource': registering with JMX server as MBean [com.alibaba.druid.pool:name=dataSource,type=DruidDataSource]
2017-07-18 22:13:56.607  INFO 23188 --- [restartedMain] o.s.j.e.a.AnnotationMBeanExporter        : Located MBean 'wallFilter': registering with JMX server as MBean [com.alibaba.druid.wall:name=wallFilter,type=WallFilter]
2017-07-18 22:13:56.608  INFO 23188 --- [restartedMain] o.s.j.e.a.AnnotationMBeanExporter        : Located MBean 'statFilter': registering with JMX server as MBean [com.alibaba.druid.filter.stat:name=statFilter,type=StatFilter]
2017-07-18 22:13:56.615  INFO 23188 --- [restartedMain] s.b.c.e.t.TomcatEmbeddedServletContainer : Tomcat started on port(s): 8081 (http)
2017-07-18 22:13:56.616  INFO 23188 --- [restartedMain] com.zhanghe.Fast.FastApplication         : Started FastApplication in 1.004 seconds (JVM running for 888.975)
2017-07-18 22:13:59.601  INFO 23188 --- [es] net.sf.ehcache.util.UpdateChecker        : New update(s) found: 2.6.5 [http://www.terracotta.org/confluence/display/release/Release+Notes+Ehcache+Core+2.6]. Please check http://ehcache.org for the latest version.
